samples/build/outputs/logs/manifest-merger-debug-report.txt
-- Merging decision tree log ---
manifest
ADDED from CustomCoverFlow\samples\AndroidManifest.xml:19:1-58:12
	package
		ADDED from CustomCoverFlow\samples\AndroidManifest.xml:20:11-60
	android:versionName
		ADDED from CustomCoverFlow\samples\AndroidManifest.xml:22:11-38
		INJECTED from CustomCoverFlow\samples\AndroidManifest.xml
		INJECTED from CustomCoverFlow\samples\AndroidManifest.xml
	android:versionCode
		ADDED from CustomCoverFlow\samples\AndroidManifest.xml:21:11-34
		INJECTED from CustomCoverFlow\samples\AndroidManifest.xml
		INJECTED from CustomCoverFlow\samples\AndroidManifest.xml
	xmlns:android
		ADDED from CustomCoverFlow\samples\AndroidManifest.xml:19:11-69
uses-sdk
ADDED from CustomCoverFlow\samples\AndroidManifest.xml:24:5-26:40
MERGED from [CustomCoverFlow:library:unspecified] AndroidManifest.xml:23:5-25:41
	android:targetSdkVersion
		ADDED from CustomCoverFlow\samples\AndroidManifest.xml:26:9-38
		INJECTED from CustomCoverFlow\samples\AndroidManifest.xml
		INJECTED from CustomCoverFlow\samples\AndroidManifest.xml
	android:minSdkVersion
		ADDED from CustomCoverFlow\samples\AndroidManifest.xml:25:9-34
		INJECTED from CustomCoverFlow\samples\AndroidManifest.xml
		INJECTED from CustomCoverFlow\samples\AndroidManifest.xml
application
ADDED from CustomCoverFlow\samples\AndroidManifest.xml:28:5-57:19
MERGED from [CustomCoverFlow:library:unspecified] AndroidManifest.xml:27:5-28:19
	android:label
		ADDED from CustomCoverFlow\samples\AndroidManifest.xml:29:9-41
	android:icon
		ADDED from CustomCoverFlow\samples\AndroidManifest.xml:30:9-45
	android:theme
		ADDED from CustomCoverFlow\samples\AndroidManifest.xml:31:9-51
activity#at.technikum.mti.fancycoverflow.samples.MainActivity
ADDED from CustomCoverFlow\samples\AndroidManifest.xml:32:9-39:20
	android:label
		ADDED from CustomCoverFlow\samples\AndroidManifest.xml:34:13-45
	android:name
		ADDED from CustomCoverFlow\samples\AndroidManifest.xml:33:13-41
intent-filter#android.intent.action.MAIN+android.intent.category.LAUNCHER
ADDED from CustomCoverFlow\samples\AndroidManifest.xml:35:13-38:29
action#android.intent.action.MAIN
ADDED from CustomCoverFlow\samples\AndroidManifest.xml:36:17-68
	android:name
		ADDED from CustomCoverFlow\samples\AndroidManifest.xml:36:25-66
category#android.intent.category.LAUNCHER
ADDED from CustomCoverFlow\samples\AndroidManifest.xml:37:17-76
	android:name
		ADDED from CustomCoverFlow\samples\AndroidManifest.xml:37:27-74
activity#at.technikum.mti.fancycoverflow.samples.example.SimpleExample
ADDED from CustomCoverFlow\samples\AndroidManifest.xml:41:9-43:60
	android:label
		ADDED from CustomCoverFlow\samples\AndroidManifest.xml:43:13-58
	android:name
		ADDED from CustomCoverFlow\samples\AndroidManifest.xml:42:13-50
activity#at.technikum.mti.fancycoverflow.samples.example.ViewGroupExample
ADDED from CustomCoverFlow\samples\AndroidManifest.xml:45:9-47:63
	android:label
		ADDED from CustomCoverFlow\samples\AndroidManifest.xml:47:13-61
	android:name
		ADDED from CustomCoverFlow\samples\AndroidManifest.xml:46:13-53
activity#at.technikum.mti.fancycoverflow.samples.example.ViewGroupReflectionExample
ADDED from CustomCoverFlow\samples\AndroidManifest.xml:49:9-51:73
	android:label
		ADDED from CustomCoverFlow\samples\AndroidManifest.xml:51:13-71
	android:name
		ADDED from CustomCoverFlow\samples\AndroidManifest.xml:50:13-63
activity#at.technikum.mti.fancycoverflow.samples.example.XmlInflateExample
ADDED from CustomCoverFlow\samples\AndroidManifest.xml:53:9-56:15
	android:label
		ADDED from CustomCoverFlow\samples\AndroidManifest.xml:55:13-63
	android:name
		ADDED from CustomCoverFlow\samples\AndroidManifest.xml:54:13-54